<!DOCTYPE html>
<html lang="en">
<head>
    <meta charset="UTF-8">
    <meta name="viewport" content="width=device-width, initial-scale=1.0">
    <title>Simple Click Game</title>
    <style>
        body {
            text-align: center;
            font-family: Arial, sans-serif;
        }
        #game-area {
            margin: 20px auto;
            width: 300px;
            height: 300px;
            background-color: lightblue;
            display: flex;
            align-items: center;
            justify-content: center;
            border-radius: 10px;
        }
        button {
            padding: 10px 20px;
            font-size: 18px;
            cursor: pointer;
        }
    </style>
</head>
<body>
    <h1>Click the Button Game</h1>
    <p>Score: <span id="score">0</span></p>
    <div id="game-area">
        <button id="click-btn">Click Me!</button>
    </div>
    <script>
        let score = 0;
        document.getElementById("click-btn").addEventListener("click", function() {
            score++;
            document.getElementById("score").innerText = score;
        });
    </script>
</body>
</html>
